<?xml version="1.0" encoding="UTF-8"?>
<!-- Generated by org.testng.reporters.JUnitXMLReporter -->
<testsuite hostname="User-PC" ignored="0" name="Add Test" tests="5" failures="0" timestamp="2020-12-09T21:00:41 MSK" time="0.131" errors="0">
  <testcase name="testDataProviderAdd" time="0.016" classname="hw1.addAndSubtractOperation.TestAdd"/>
  <testcase name="testDataProviderAdd" time="0.0" classname="hw1.addAndSubtractOperation.TestAdd"/>
  <testcase name="testDataProviderAdd" time="0.0" classname="hw1.addAndSubtractOperation.TestAdd"/>
  <testcase name="testDataProviderAdd" time="0.0" classname="hw1.addAndSubtractOperation.TestAdd"/>
  <testcase name="testDataProviderAdd" time="0.0" classname="hw1.addAndSubtractOperation.TestAdd"/>
</testsuite> <!-- Add Test -->
