<?xml version="1.0" encoding="UTF-8"?>
<!-- Generated by org.testng.reporters.JUnitXMLReporter -->
<testsuite hostname="User-PC" ignored="0" name="Subtract test" tests="5" failures="0" timestamp="2020-12-09T21:00:41 MSK" time="0.0" errors="0">
  <testcase name="testDataProviderSubtraction" time="0.0" classname="hw1.addAndSubtractOperation.TestSubtract"/>
  <testcase name="testDataProviderSubtraction" time="0.0" classname="hw1.addAndSubtractOperation.TestSubtract"/>
  <testcase name="testDataProviderSubtraction" time="0.0" classname="hw1.addAndSubtractOperation.TestSubtract"/>
  <testcase name="testDataProviderSubtraction" time="0.0" classname="hw1.addAndSubtractOperation.TestSubtract"/>
  <testcase name="testDataProviderSubtraction" time="0.0" classname="hw1.addAndSubtractOperation.TestSubtract"/>
</testsuite> <!-- Subtract test -->
