<?xml version="1.0" encoding="UTF-8"?>
<!-- Generated by org.testng.reporters.JUnitXMLReporter -->
<testsuite hostname="User-PC" ignored="0" name="Exercise 2" tests="9" failures="0" timestamp="2020-12-14T15:11:01 MSK" time="23.985" errors="0">
  <testcase name="openSiteByURL" time="7.395" classname="hw2.exercise2.Exercise_2SeleniumHQTest"/>
  <testcase name="checkBrowserTitle" time="0.013" classname="hw2.exercise2.Exercise_2SeleniumHQTest"/>
  <testcase name="performLogin" time="0.651" classname="hw2.exercise2.Exercise_2SeleniumHQTest"/>
  <testcase name="checkUserLoggedAndDisplayed" time="0.104" classname="hw2.exercise2.Exercise_2SeleniumHQTest"/>
  <testcase name="openThroughServiceDifElemPage" time="3.735" classname="hw2.exercise2.Exercise_2SeleniumHQTest"/>
  <testcase name="checkWaterWindBoxes" time="0.524" classname="hw2.exercise2.Exercise_2SeleniumHQTest"/>
  <testcase name="checkRadio" time="0.137" classname="hw2.exercise2.Exercise_2SeleniumHQTest"/>
  <testcase name="selectDropdownYellow" time="0.312" classname="hw2.exercise2.Exercise_2SeleniumHQTest"/>
  <testcase name="softAsserts" time="2.425" classname="hw2.exercise2.Exercise_2SeleniumHQTest"/>
</testsuite> <!-- Exercise 2 -->
