<?xml version="1.0" encoding="UTF-8"?>
<testng-results skipped="0" failed="0" ignored="0" total="10" passed="10">
  <reporter-output>
  </reporter-output>
  <suite name="Exercise 1 and Exercise 2 tests" duration-ms="80833" started-at="2020-12-14T15:09:40 MSK" finished-at="2020-12-14T15:11:01 MSK">
    <groups>
    </groups>
    <test name="Exercise 1" duration-ms="56225" started-at="2020-12-14T15:09:40 MSK" finished-at="2020-12-14T15:10:37 MSK">
      <class name="hw2.exercise1.Exercise_1SeleniumHQTest">
        <test-method status="PASS" signature="setUp()[pri:0, instance:hw2.exercise1.Exercise_1SeleniumHQTest@29ee9faa]" name="setUp" is-config="true" duration-ms="22739" started-at="2020-12-14T15:09:40 MSK" finished-at="2020-12-14T15:10:03 MSK">
          <reporter-output>
          </reporter-output>
        </test-method> <!-- setUp -->
        <test-method status="PASS" signature="softAssertTests()[pri:0, instance:hw2.exercise1.Exercise_1SeleniumHQTest@29ee9faa]" name="softAssertTests" duration-ms="31487" started-at="2020-12-14T15:10:03 MSK" finished-at="2020-12-14T15:10:35 MSK">
          <reporter-output>
          </reporter-output>
        </test-method> <!-- softAssertTests -->
        <test-method status="PASS" signature="closeBrowser()[pri:0, instance:hw2.exercise1.Exercise_1SeleniumHQTest@29ee9faa]" name="closeBrowser" is-config="true" duration-ms="1852" started-at="2020-12-14T15:10:35 MSK" finished-at="2020-12-14T15:10:37 MSK">
          <reporter-output>
          </reporter-output>
        </test-method> <!-- closeBrowser -->
      </class> <!-- hw2.exercise1.Exercise_1SeleniumHQTest -->
    </test> <!-- Exercise 1 -->
    <test name="Exercise 2" duration-ms="23985" started-at="2020-12-14T15:10:37 MSK" finished-at="2020-12-14T15:11:01 MSK">
      <class name="hw2.exercise2.Exercise_2SeleniumHQTest">
        <test-method status="PASS" signature="setUp()[pri:0, instance:hw2.exercise2.Exercise_2SeleniumHQTest@5e3a8624]" name="setUp" is-config="true" duration-ms="7304" started-at="2020-12-14T15:10:37 MSK" finished-at="2020-12-14T15:10:45 MSK">
          <reporter-output>
          </reporter-output>
        </test-method> <!-- setUp -->
        <test-method status="PASS" signature="openSiteByURL()[pri:1, instance:hw2.exercise2.Exercise_2SeleniumHQTest@5e3a8624]" name="openSiteByURL" duration-ms="7395" started-at="2020-12-14T15:10:45 MSK" finished-at="2020-12-14T15:10:52 MSK">
          <reporter-output>
          </reporter-output>
        </test-method> <!-- openSiteByURL -->
        <test-method status="PASS" signature="checkBrowserTitle()[pri:2, instance:hw2.exercise2.Exercise_2SeleniumHQTest@5e3a8624]" name="checkBrowserTitle" duration-ms="13" started-at="2020-12-14T15:10:52 MSK" finished-at="2020-12-14T15:10:52 MSK">
          <reporter-output>
          </reporter-output>
        </test-method> <!-- checkBrowserTitle -->
        <test-method status="PASS" signature="performLogin()[pri:3, instance:hw2.exercise2.Exercise_2SeleniumHQTest@5e3a8624]" name="performLogin" duration-ms="651" started-at="2020-12-14T15:10:52 MSK" finished-at="2020-12-14T15:10:53 MSK">
          <reporter-output>
          </reporter-output>
        </test-method> <!-- performLogin -->
        <test-method status="PASS" signature="checkUserLoggedAndDisplayed()[pri:4, instance:hw2.exercise2.Exercise_2SeleniumHQTest@5e3a8624]" name="checkUserLoggedAndDisplayed" duration-ms="104" started-at="2020-12-14T15:10:53 MSK" finished-at="2020-12-14T15:10:53 MSK">
          <reporter-output>
          </reporter-output>
        </test-method> <!-- checkUserLoggedAndDisplayed -->
        <test-method status="PASS" signature="openThroughServiceDifElemPage()[pri:5, instance:hw2.exercise2.Exercise_2SeleniumHQTest@5e3a8624]" name="openThroughServiceDifElemPage" duration-ms="3735" started-at="2020-12-14T15:10:53 MSK" finished-at="2020-12-14T15:10:56 MSK">
          <reporter-output>
          </reporter-output>
        </test-method> <!-- openThroughServiceDifElemPage -->
        <test-method status="PASS" signature="checkWaterWindBoxes()[pri:6, instance:hw2.exercise2.Exercise_2SeleniumHQTest@5e3a8624]" name="checkWaterWindBoxes" duration-ms="524" started-at="2020-12-14T15:10:56 MSK" finished-at="2020-12-14T15:10:57 MSK">
          <reporter-output>
          </reporter-output>
        </test-method> <!-- checkWaterWindBoxes -->
        <test-method status="PASS" signature="checkRadio()[pri:7, instance:hw2.exercise2.Exercise_2SeleniumHQTest@5e3a8624]" name="checkRadio" duration-ms="137" started-at="2020-12-14T15:10:57 MSK" finished-at="2020-12-14T15:10:57 MSK">
          <reporter-output>
          </reporter-output>
        </test-method> <!-- checkRadio -->
        <test-method status="PASS" signature="selectDropdownYellow()[pri:8, instance:hw2.exercise2.Exercise_2SeleniumHQTest@5e3a8624]" name="selectDropdownYellow" duration-ms="312" started-at="2020-12-14T15:10:57 MSK" finished-at="2020-12-14T15:10:57 MSK">
          <reporter-output>
          </reporter-output>
        </test-method> <!-- selectDropdownYellow -->
        <test-method status="PASS" signature="softAsserts()[pri:9, instance:hw2.exercise2.Exercise_2SeleniumHQTest@5e3a8624]" name="softAsserts" duration-ms="2425" started-at="2020-12-14T15:10:57 MSK" finished-at="2020-12-14T15:11:00 MSK">
          <reporter-output>
          </reporter-output>
        </test-method> <!-- softAsserts -->
        <test-method status="PASS" signature="closeBrowser()[pri:0, instance:hw2.exercise2.Exercise_2SeleniumHQTest@5e3a8624]" name="closeBrowser" is-config="true" duration-ms="1374" started-at="2020-12-14T15:11:00 MSK" finished-at="2020-12-14T15:11:01 MSK">
          <reporter-output>
          </reporter-output>
        </test-method> <!-- closeBrowser -->
      </class> <!-- hw2.exercise2.Exercise_2SeleniumHQTest -->
    </test> <!-- Exercise 2 -->
  </suite> <!-- Exercise 1 and Exercise 2 tests -->
</testng-results>
